port 1313 already in use, attempting to use an available port
Watching for changes in /home/thorianvc/.sites/ModnarMusings/{archetypes,assets,content,data,layouts,static,themes}
Watching for config changes in /home/thorianvc/.sites/ModnarMusings/hugo.toml, /home/thorianvc/.sites/ModnarMusings/themes/HugoRelearn/hugo.toml
Start building sites … 
hugo v0.146.0-5d1b9d39858bb0b2e505af9f649bfb55295ecca1+extended linux/amd64 BuildDate=2025-04-10T14:57:56Z VendorInfo=gohugoio

INFO  static: syncing static files to / duration 34.46842ms
INFO  build:  step process substep collect files 412 files_total 412 pages_total 297 resources_total 115 duration 128.879847ms
INFO  build:  step process duration 129.653889ms
INFO  build:  step assemble duration 232.441109ms
INFO  build:  step render substep pages site en outputFormat html duration 18.592753301s
INFO  build:  step render substep pages site en outputFormat amp duration 1.292922606s
INFO  build:  step render substep pages site en outputFormat calendar duration 30.248503ms
INFO  build:  step render substep pages site en outputFormat json duration 775.202637ms
INFO  build:  step render substep pages site en outputFormat manifest duration 1.312267ms
INFO  build:  step render substep pages site en outputFormat pdf duration 83.232309ms
INFO  build:  step render substep pages site en outputFormat robotstxt duration 1.183114ms
INFO  build:  step render substep pages site en outputFormat rss duration 84.582197ms
INFO  build:  step render substep pages site en outputFormat searchindex duration 196.071998ms
INFO  build:  step render substep pages site en outputFormat sitemap duration 9.099967ms
INFO  build:  step render pages 1331 content 309 duration 21.075918723s
INFO  build:  step render deferred count 0 duration 615.157µs
INFO  build:  step postProcess duration 68.526µs
INFO  build:  duration 21.441298053s

                   |  EN   
-------------------+-------
  Pages            | 1331  
  Paginator pages  |    0  
  Non-page files   |  115  
  Static files     |    5  
  Processed images |   87  
  Aliases          |    0  
  Cleaned          |    0  

Built in 21456 ms
Environment: "development"
Serving pages from disk
Running in Fast Render Mode. For full rebuilds on change: hugo server --disableFastRender
Web Server is available at http://localhost:33473/ModnarMusings/ (bind address 127.0.0.1) 
Press Ctrl+C to stop
